<?xml version="1.0" encoding="UTF-8" ?>
<testsuite tests="2" failures="0" name="com.sprhib.test.LinkControllerTest" time="2.691" errors="0" skipped="0">
  <properties>
    <property name="java.runtime.name" value="Java(TM) SE Runtime Environment"/>
    <property name="sun.boot.library.path" value="D:\Program Files\Java\jdk1.8.0_251\jre\bin"/>
    <property name="java.vm.version" value="25.251-b08"/>
    <property name="java.vm.vendor" value="Oracle Corporation"/>
    <property name="maven.multiModuleProjectDirectory" value="E:\Github Repos\spr-mvc-hib"/>
    <property name="java.vendor.url" value="http://java.oracle.com/"/>
    <property name="path.separator" value=";"/>
    <property name="guice.disable.misplaced.annotation.check" value="true"/>
    <property name="java.vm.name" value="Java HotSpot(TM) 64-Bit Server VM"/>
    <property name="file.encoding.pkg" value="sun.io"/>
    <property name="user.script" value=""/>
    <property name="user.country" value="CN"/>
    <property name="sun.java.launcher" value="SUN_STANDARD"/>
    <property name="sun.os.patch.level" value=""/>
    <property name="java.vm.specification.name" value="Java Virtual Machine Specification"/>
    <property name="user.dir" value="E:\Github Repos\spr-mvc-hib"/>
    <property name="java.runtime.version" value="1.8.0_251-b08"/>
    <property name="java.awt.graphicsenv" value="sun.awt.Win32GraphicsEnvironment"/>
    <property name="java.endorsed.dirs" value="D:\Program Files\Java\jdk1.8.0_251\jre\lib\endorsed"/>
    <property name="os.arch" value="amd64"/>
    <property name="java.io.tmpdir" value="C:\Users\wangnn01\AppData\Local\Temp\"/>
    <property name="line.separator" value="
"/>
    <property name="java.vm.specification.vendor" value="Oracle Corporation"/>
    <property name="user.variant" value=""/>
    <property name="os.name" value="Windows 10"/>
    <property name="maven.ext.class.path" value="D:\Program Files\JetBrains\IntelliJ IDEA 2019.2.3\plugins\maven\lib\maven-event-listener.jar"/>
    <property name="classworlds.conf" value="D:\Program Files\Maven\apache-maven-3.6.3\bin\m2.conf"/>
    <property name="sun.jnu.encoding" value="GBK"/>
    <property name="java.library.path" value="D:\Program Files\Java\jdk1.8.0_251\bin;C:\WINDOWS\Sun\Java\bin;C:\WINDOWS\system32;C:\WINDOWS;C:\Program Files (x86)\Common Files\Oracle\Java\javapath;D:\Program Files (x86)\NetSarang\Xftp 6\;D:\Program Files (x86)\NetSarang\Xshell 6\;D:\DevelopTools\depot_tools;C:\WINDOWS\system32;C:\WINDOWS;C:\WINDOWS\System32\Wbem;C:\WINDOWS\System32\WindowsPowerShell\v1.0\;C:\WINDOWS\System32\OpenSSH\;C:\Program Files (x86)\Intel\Intel(R) Management Engine Components\DAL;C:\Program Files\Intel\Intel(R) Management Engine Components\DAL;C:\Program Files\dotnet\;C:\Program Files\Microsoft SQL Server\130\Tools\Binn\;D:\DevelopTools\Git\cmd;D:\DevelopTools\Git\bin;D:\DevelopTools\Git;C:\Program Files (x86)\Windows Kits\10\Windows Performance Toolkit\;C:\Python27;C:\Python27\Scripts;E:\Chromium\src\out\Default;D:\Program Files\nodejs\;D:\Program Files\nodejs\node_global;D:\Program Files (x86)\Yarn\bin\;C:\Users\wangnn01\AppData\Local\Yarn\Data\global\node_modules\electron;D:\Program Files\Microsoft VS Code\bin;D:\Program Files\MinGw64\bin;D:\Program Files\SQLite;D:\Program Files\mysql-8.0.19-winx64\bin;D:\Program Files\TortoiseSVN\bin;D:\Program Files\CMake\bin;E:\maven-3.6.3\apache-maven-3.6.3\bin;D:\Program Files\Java\jdk1.8.0_251\bin;D:\Program Files\Java\jdk1.8.0_251\jre\bin;D:\Program Files\TortoiseGit\bin;C:\Users\wangnn01\AppData\Local\Microsoft\WindowsApps;D:\Program Files\Bandizip\;D:\Program Files\Microsoft VS Code\bin;C:\Users\wangnn01\AppData\Roaming\npm;C:\Program Files\MySQL\MySQL Server 8.0\bin;C:\Users\wangnn01\AppData\Local\Pandoc\;C:\Users\wangnn01\AppData\Local\Yarn\bin;."/>
    <property name="maven.conf" value="D:\Program Files\Maven\apache-maven-3.6.3/conf"/>
    <property name="java.specification.name" value="Java Platform API Specification"/>
    <property name="java.class.version" value="52.0"/>
    <property name="sun.management.compiler" value="HotSpot 64-Bit Tiered Compilers"/>
    <property name="maven.repo.local" value="D:\Program Files\Maven\Repository"/>
    <property name="os.version" value="10.0"/>
    <property name="user.home" value="C:\Users\wangnn01"/>
    <property name="user.timezone" value="Asia/Shanghai"/>
    <property name="java.awt.printerjob" value="sun.awt.windows.WPrinterJob"/>
    <property name="java.specification.version" value="1.8"/>
    <property name="file.encoding" value="UTF-8"/>
    <property name="user.name" value="wangnn01"/>
    <property name="java.class.path" value="D:\Program Files\Maven\apache-maven-3.6.3\boot\plexus-classworlds-2.6.0.jar;D:\Program Files\Maven\apache-maven-3.6.3\boot\plexus-classworlds.license;D:\Program Files\JetBrains\IntelliJ IDEA 2019.2.3\lib\idea_rt.jar"/>
    <property name="idea.version2019.2.3" value="true"/>
    <property name="java.vm.specification.version" value="1.8"/>
    <property name="sun.arch.data.model" value="64"/>
    <property name="java.home" value="D:\Program Files\Java\jdk1.8.0_251\jre"/>
    <property name="sun.java.command" value="org.codehaus.classworlds.Launcher -Didea.version2019.2.3 -s D:\Program Files\Maven\apache-maven-3.6.3\conf\settings.xml -Dmaven.repo.local=D:\Program Files\Maven\Repository install"/>
    <property name="java.specification.vendor" value="Oracle Corporation"/>
    <property name="user.language" value="zh"/>
    <property name="awt.toolkit" value="sun.awt.windows.WToolkit"/>
    <property name="java.vm.info" value="mixed mode"/>
    <property name="java.version" value="1.8.0_251"/>
    <property name="java.ext.dirs" value="D:\Program Files\Java\jdk1.8.0_251\jre\lib\ext;C:\WINDOWS\Sun\Java\lib\ext"/>
    <property name="sun.boot.class.path" value="D:\Program Files\Java\jdk1.8.0_251\jre\lib\resources.jar;D:\Program Files\Java\jdk1.8.0_251\jre\lib\rt.jar;D:\Program Files\Java\jdk1.8.0_251\jre\lib\sunrsasign.jar;D:\Program Files\Java\jdk1.8.0_251\jre\lib\jsse.jar;D:\Program Files\Java\jdk1.8.0_251\jre\lib\jce.jar;D:\Program Files\Java\jdk1.8.0_251\jre\lib\charsets.jar;D:\Program Files\Java\jdk1.8.0_251\jre\lib\jfr.jar;D:\Program Files\Java\jdk1.8.0_251\jre\classes"/>
    <property name="java.vendor" value="Oracle Corporation"/>
    <property name="maven.home" value="D:\Program Files\Maven\apache-maven-3.6.3"/>
    <property name="file.separator" value="\"/>
    <property name="java.vendor.url.bug" value="http://bugreport.sun.com/bugreport/"/>
    <property name="sun.cpu.endian" value="little"/>
    <property name="sun.io.unicode.encoding" value="UnicodeLittle"/>
    <property name="sun.desktop" value="windows"/>
    <property name="sun.cpu.isalist" value="amd64"/>
  </properties>
  <testcase classname="com.sprhib.test.LinkControllerTest" name="testHomePage" time="2.681"/>
  <testcase classname="com.sprhib.test.LinkControllerTest" name="testIndexPage" time="0.01"/>
</testsuite>